New configuration template added to /Users/bullestico/.siege
Run siege -C to view the current settings in that file
** SIEGE 4.1.7
** Preparing 25 concurrent users for battle.
The server is now under siege...
[[1;33merror[0m] socket: unable to connect sock.c:282: Connection refused
[[1;33merror[0m] socket: unable to connect sock.c:282: Connection refused
[[1;33merror[0m] socket: unable to connect sock.c:282: Connection refused
[[1;33merror[0m] socket: unable to connect sock.c:282: Connection refused
[[1;33merror[0m] socket: unable to connect sock.c:282: Connection refused
[[1;33merror[0m] socket: unable to connect sock.c:282: Connection refused
[[1;33merror[0m] socket: unable to connect sock.c:282: Connection refused
[[1;33merror[0m] socket: unable to connect sock.c:282: Connection refused
[[1;33merror[0m] socket: unable to connect sock.c:282: Connection refused
[[1;33merror[0m] socket: unable to connect sock.c:282: Connection refused
[[1;33merror[0m] socket: unable to connect sock.c:282: Connection refused
[[1;33merror[0m] socket: unable to connect sock.c:282: Connection refused
[[1;33merror[0m] socket: unable to connect sock.c:282: Connection refused
[[1;33merror[0m] socket: unable to connect sock.c:282: Connection refused
[[1;33merror[0m] socket: unable to connect sock.c:282: Connection refused
[[1;33merror[0m] socket: unable to connect sock.c:282: Connection refused
[[1;33merror[0m] socket: unable to connect sock.c:282: Connection refused
[[1;33merror[0m] socket: unable to connect sock.c:282: Connection refused
[[1;33merror[0m] socket: unable to connect sock.c:282: Connection refused
[[1;33merror[0m] socket: unable to connect sock.c:282: Connection refused
[[1;33merror[0m] socket: unable to connect sock.c:282: Connection refused
[[1;33merror[0m] socket: unable to connect sock.c:282: Connection refused
[[1;33merror[0m] socket: unable to connect sock.c:282: Connection refused
[[1;33merror[0m] socket: unable to connect sock.c:282: Connection refused
[[1;33merror[0m] socket: unable to connect sock.c:282: Connection refused
[[1;33merror[0m] socket: unable to connect sock.c:282: Connection refused
[[1;33merror[0m] socket: unable to connect sock.c:282: Connection refused
[[1;33merror[0m] socket: unable to connect sock.c:282: Connection refused
[[1;33merror[0m] socket: unable to connect sock.c:282: Connection refused
[[1;33merror[0m] socket: unable to connect sock.c:282: Connection refused
[[1;33merror[0m] socket: unable to connect sock.c:282: Connection refused
[[1;33merror[0m] socket: unable to connect sock.c:282: Connection refused
[[1;33merror[0m] socket: unable to connect sock.c:282: Connection refused
[[1;33merror[0m] socket: unable to connect sock.c:282: Connection refused
[[1;33merror[0m] socket: unable to connect sock.c:282: Connection refused
[[1;33merror[0m] socket: unable to connect sock.c:282: Connection refused
[[1;33merror[0m] socket: unable to connect sock.c:282: Connection refused
[[1;33merror[0m] socket: unable to connect sock.c:282: Connection refused
[[1;33merror[0m] socket: unable to connect sock.c:282: Connection refused
[[1;33merror[0m] socket: unable to connect sock.c:282: Connection refused
[[1;33merror[0m] socket: unable to connect sock.c:282: Connection refused
[[1;33merror[0m] socket: unable to connect sock.c:282: Connection refused
[[1;33merror[0m] socket: unable to connect sock.c:282: Connection refused
[[1;33merror[0m] socket: unable to connect sock.c:282: Connection refused
[[1;33merror[0m] socket: unable to connect sock.c:282: Connection refused
[[1;33merror[0m] socket: unable to connect sock.c:282: Connection refused
[[1;33merror[0m] socket: unable to connect sock.c:282: Connection refused
[[1;33merror[0m] socket: unable to connect sock.c:282: Connection refused
[[1;33merror[0m] socket: unable to connect sock.c:282: Connection refused
[[1;33merror[0m] socket: unable to connect sock.c:282: Connection refused
[[1;33merror[0m] socket: unable to connect sock.c:282: Connection refused
[[1;33merror[0m] socket: unable to connect sock.c:282: Connection refused
[[1;33merror[0m] socket: unable to connect sock.c:282: Connection refused
[[1;33merror[0m] socket: unable to connect sock.c:282: Connection refused
[[1;33merror[0m] socket: unable to connect sock.c:282: Connection refused
[[1;33merror[0m] socket: unable to connect sock.c:282: Connection refused
[[1;33merror[0m] socket: unable to connect sock.c:282: Connection refused
[[1;33merror[0m] socket: unable to connect sock.c:282: Connection refused
[[1;33merror[0m] socket: unable to connect sock.c:282: Connection refused
[[1;33merror[0m] socket: unable to connect sock.c:282: Connection refused
[[1;33merror[0m] socket: unable to connect sock.c:282: Connection refused
[[1;33merror[0m] socket: unable to connect sock.c:282: Connection refused
[[1;33merror[0m] socket: unable to connect sock.c:282: Connection refused
[[1;33merror[0m] socket: unable to connect sock.c:282: Connection refused
[[1;33merror[0m] socket: unable to connect sock.c:282: Connection refused
[[1;33merror[0m] socket: unable to connect sock.c:282: Connection refused
[[1;33merror[0m] socket: unable to connect sock.c:282: Connection refused
[[1;33merror[0m] socket: unable to connect sock.c:282: Connection refused
[[1;33merror[0m] socket: unable to connect sock.c:282: Connection refused
[[1;33merror[0m] socket: unable to connect sock.c:282: Connection refused
[[1;33merror[0m] socket: unable to connect sock.c:282: Connection refused
[[1;33merror[0m] socket: unable to connect sock.c:282: Connection refused
[[1;33merror[0m] socket: unable to connect sock.c:282: Connection refused
[[1;33merror[0m] socket: unable to connect sock.c:282: Connection refused
[[1;33merror[0m] socket: unable to connect sock.c:282: Connection refused
[[1;33merror[0m] socket: unable to connect sock.c:282: Connection refused
[[1;33merror[0m] socket: unable to connect sock.c:282: Connection refused
[[1;33merror[0m] socket: unable to connect sock.c:282: Connection refused
[[1;33merror[0m] socket: unable to connect sock.c:282: Connection refused
[[1;33merror[0m] socket: unable to connect sock.c:282: Connection refused
[[1;33merror[0m] socket: unable to connect sock.c:282: Connection refused
[[1;33merror[0m] socket: unable to connect sock.c:282: Connection refused
[[1;33merror[0m] socket: unable to connect sock.c:282: Connection refused
[[1;33merror[0m] socket: unable to connect sock.c:282: Connection refused
[[1;33merror[0m] socket: unable to connect sock.c:282: Connection refused
[[1;33merror[0m] socket: unable to connect sock.c:282: Connection refused
[[1;33merror[0m] socket: unable to connect sock.c:282: Connection refused
[[1;33merror[0m] socket: unable to connect sock.c:282: Connection refused
[[1;33merror[0m] socket: unable to connect sock.c:282: Connection refused
[[1;33merror[0m] socket: unable to connect sock.c:282: Connection refused
[[1;33merror[0m] socket: unable to connect sock.c:282: Connection refused
[[1;33merror[0m] socket: unable to connect sock.c:282: Connection refused
[[1;33merror[0m] socket: unable to connect sock.c:282: Connection refused
[[1;33merror[0m] socket: unable to connect sock.c:282: Connection refused
[[1;33merror[0m] socket: unable to connect sock.c:282: Connection refused
[[1;33merror[0m] socket: unable to connect sock.c:282: Connection refused
[[1;33merror[0m] socket: unable to connect sock.c:282: Connection refused
[[1;33merror[0m] socket: unable to connect sock.c:282: Connection refused
[[1;33merror[0m] socket: unable to connect sock.c:282: Connection refused
[[1;33merror[0m] socket: unable to connect sock.c:282: Connection refused
[[1;33merror[0m] socket: unable to connect sock.c:282: Connection refused
[[1;33merror[0m] socket: unable to connect sock.c:282: Connection refused
[[1;33merror[0m] socket: unable to connect sock.c:282: Connection refused
[[1;33merror[0m] socket: unable to connect sock.c:282: Connection refused
[[1;33merror[0m] socket: unable to connect sock.c:282: Connection refused
[[1;33merror[0m] socket: unable to connect sock.c:282: Connection refused
[[1;33merror[0m] socket: unable to connect sock.c:282: Connection refused
[[1;33merror[0m] socket: unable to connect sock.c:282: Connection refused
[[1;33merror[0m] socket: unable to connect sock.c:282: Connection refused
[[1;33merror[0m] socket: unable to connect sock.c:282: Connection refused
[[1;33merror[0m] socket: unable to connect sock.c:282: Connection refused
[[1;33merror[0m] socket: unable to connect sock.c:282: Connection refused
[[1;33merror[0m] socket: unable to connect sock.c:282: Connection refused
[[1;33merror[0m] socket: unable to connect sock.c:282: Connection refused
[[1;33merror[0m] socket: unable to connect sock.c:282: Connection refused
[[1;33merror[0m] socket: unable to connect sock.c:282: Connection refused
[[1;33merror[0m] socket: unable to connect sock.c:282: Connection refused
[[1;33merror[0m] socket: unable to connect sock.c:282: Connection refused
[[1;33merror[0m] socket: unable to connect sock.c:282: Connection refused
[[1;33merror[0m] socket: unable to connect sock.c:282: Connection refused
[[1;33merror[0m] socket: unable to connect sock.c:282: Connection refused
[[1;33merror[0m] socket: unable to connect sock.c:282: Connection refused
[[1;33merror[0m] socket: unable to connect sock.c:282: Connection refused
[[1;33merror[0m] socket: unable to connect sock.c:282: Connection refused
[[1;33merror[0m] socket: unable to connect sock.c:282: Connection refused
[[1;33merror[0m] socket: unable to connect sock.c:282: Connection refused
[[1;33merror[0m] socket: unable to connect sock.c:282: Connection refused
[[1;33merror[0m] socket: unable to connect sock.c:282: Connection refused
[[1;33merror[0m] socket: unable to connect sock.c:282: Connection refused
[[1;33merror[0m] socket: unable to connect sock.c:282: Connection refused
[[1;33merror[0m] socket: unable to connect sock.c:282: Connection refused
[[1;33merror[0m] socket: unable to connect sock.c:282: Connection refused
[[1;33merror[0m] socket: unable to connect sock.c:282: Connection refused
[[1;33merror[0m] socket: unable to connect sock.c:282: Connection refused
[[1;33merror[0m] socket: unable to connect sock.c:282: Connection refused
[[1;33merror[0m] socket: unable to connect sock.c:282: Connection refused
[[1;33merror[0m] socket: unable to connect sock.c:282: Connection refused
[[1;33merror[0m] socket: unable to connect sock.c:282: Connection refused
[[1;33merror[0m] socket: unable to connect sock.c:282: Connection refused
[[1;33merror[0m] socket: unable to connect sock.c:282: Connection refused
[[1;33merror[0m] socket: unable to connect sock.c:282: Connection refused
[[1;33merror[0m] socket: unable to connect sock.c:282: Connection refused
[[1;33merror[0m] socket: unable to connect sock.c:282: Connection refused
[[1;33merror[0m] socket: unable to connect sock.c:282: Connection refused
[[1;33merror[0m] socket: unable to connect sock.c:282: Connection refused
[[1;33merror[0m] socket: unable to connect sock.c:282: Connection refused
[[1;33merror[0m] socket: unable to connect sock.c:282: Connection refused
[[1;33merror[0m] socket: unable to connect sock.c:282: Connection refused
[[1;33merror[0m] socket: unable to connect sock.c:282: Connection refused
[[1;33merror[0m] socket: unable to connect sock.c:282: Connection refused
[[1;33merror[0m] socket: unable to connect sock.c:282: Connection refused
[[1;33merror[0m] socket: unable to connect sock.c:282: Connection refused
[[1;33merror[0m] socket: unable to connect sock.c:282: Connection refused
[[1;33merror[0m] socket: unable to connect sock.c:282: Connection refused
[[1;33merror[0m] socket: unable to connect sock.c:282: Connection refused
[[1;33merror[0m] socket: unable to connect sock.c:282: Connection refused
[[1;33merror[0m] socket: unable to connect sock.c:282: Connection refused
[[1;33merror[0m] socket: unable to connect sock.c:282: Connection refused
[[1;33merror[0m] socket: unable to connect sock.c:282: Connection refused
[[1;33merror[0m] socket: unable to connect sock.c:282: Connection refused
[[1;33merror[0m] socket: unable to connect sock.c:282: Connection refused
[[1;33merror[0m] socket: unable to connect sock.c:282: Connection refused
[[1;33merror[0m] socket: unable to connect sock.c:282: Connection refused
[[1;33merror[0m] socket: unable to connect sock.c:282: Connection refused
[[1;33merror[0m] socket: unable to connect sock.c:282: Connection refused
[[1;33merror[0m] socket: unable to connect sock.c:282: Connection refused
[[1;33merror[0m] socket: unable to connect sock.c:282: Connection refused
[[1;33merror[0m] socket: unable to connect sock.c:282: Connection refused
[[1;33merror[0m] socket: unable to connect sock.c:282: Connection refused
[[1;33merror[0m] socket: unable to connect sock.c:282: Connection refused
[[1;33merror[0m] socket: unable to connect sock.c:282: Connection refused
[[1;33merror[0m] socket: unable to connect sock.c:282: Connection refused
[[1;33merror[0m] socket: unable to connect sock.c:282: Connection refused
[[1;33merror[0m] socket: unable to connect sock.c:282: Connection refused
[[1;33merror[0m] socket: unable to connect sock.c:282: Connection refused
[[1;33merror[0m] socket: unable to connect sock.c:282: Connection refused
[[1;33merror[0m] socket: unable to connect sock.c:282: Connection refused
[[1;33merror[0m] socket: unable to connect sock.c:282: Connection refused
[[1;33merror[0m] socket: unable to connect sock.c:282: Connection refused
[[1;33merror[0m] socket: unable to connect sock.c:282: Connection refused
[[1;33merror[0m] socket: unable to connect sock.c:282: Connection refused
[[1;33merror[0m] socket: unable to connect sock.c:282: Connection refused
[[1;33merror[0m] socket: unable to connect sock.c:282: Connection refused
[[1;33merror[0m] socket: unable to connect sock.c:282: Connection refused
[[1;33merror[0m] socket: unable to connect sock.c:282: Connection refused
[[1;33merror[0m] socket: unable to connect sock.c:282: Connection refused
[[1;33merror[0m] socket: unable to connect sock.c:282: Connection refused
[[1;33merror[0m] socket: unable to connect sock.c:282: Connection refused
[[1;33merror[0m] socket: unable to connect sock.c:282: Connection refused
[[1;33merror[0m] socket: unable to connect sock.c:282: Connection refused
[[1;33merror[0m] socket: unable to connect sock.c:282: Connection refused
[[1;33merror[0m] socket: unable to connect sock.c:282: Connection refused
[[1;33merror[0m] socket: unable to connect sock.c:282: Connection refused
[[1;33merror[0m] socket: unable to connect sock.c:282: Connection refused
[[1;33merror[0m] socket: unable to connect sock.c:282: Connection refused
[[1;33merror[0m] socket: unable to connect sock.c:282: Connection refused
[[1;33merror[0m] socket: unable to connect sock.c:282: Connection refused
[[1;33merror[0m] socket: unable to connect sock.c:282: Connection refused
[[1;33merror[0m] socket: unable to connect sock.c:282: Connection refused
[[1;33merror[0m] socket: unable to connect sock.c:282: Connection refused
[[1;33merror[0m] socket: unable to connect sock.c:282: Connection refused
[[1;33merror[0m] socket: unable to connect sock.c:282: Connection refused
[[1;33merror[0m] socket: unable to connect sock.c:282: Connection refused
[[1;33merror[0m] socket: unable to connect sock.c:282: Connection refused
[[1;33merror[0m] socket: unable to connect sock.c:282: Connection refused
[[1;33merror[0m] socket: unable to connect sock.c:282: Connection refused
[[1;33merror[0m] socket: unable to connect sock.c:282: Connection refused
[[1;33merror[0m] socket: unable to connect sock.c:282: Connection refused
[[1;33merror[0m] socket: unable to connect sock.c:282: Connection refused
[[1;33merror[0m] socket: unable to connect sock.c:282: Connection refused
[[1;33merror[0m] socket: unable to connect sock.c:282: Connection refused
[[1;33merror[0m] socket: unable to connect sock.c:282: Connection refused
[[1;33merror[0m] socket: unable to connect sock.c:282: Connection refused
[[1;33merror[0m] socket: unable to connect sock.c:282: Connection refused
[[1;33merror[0m] socket: unable to connect sock.c:282: Connection refused
[[1;33merror[0m] socket: unable to connect sock.c:282: Connection refused
[[1;33merror[0m] socket: unable to connect sock.c:282: Connection refused
[[1;33merror[0m] socket: unable to connect sock.c:282: Connection refused
[[1;33merror[0m] socket: unable to connect sock.c:282: Connection refused
[[1;33merror[0m] socket: unable to connect sock.c:282: Connection refused
[[1;33merror[0m] socket: unable to connect sock.c:282: Connection refused
[[1;33merror[0m] socket: unable to connect sock.c:282: Connection refused
[[1;33merror[0m] socket: unable to connect sock.c:282: Connection refused
[[1;33merror[0m] socket: unable to connect sock.c:282: Connection refused
[[1;33merror[0m] socket: unable to connect sock.c:282: Connection refused
[[1;33merror[0m] socket: unable to connect sock.c:282: Connection refused
[[1;33merror[0m] socket: unable to connect sock.c:282: Connection refused
[[1;33merror[0m] socket: unable to connect sock.c:282: Connection refused
[[1;33merror[0m] socket: unable to connect sock.c:282: Connection refused
[[1;33merror[0m] socket: unable to connect sock.c:282: Connection refused
[[1;33merror[0m] socket: unable to connect sock.c:282: Connection refused
[[1;33merror[0m] socket: unable to connect sock.c:282: Connection refused
[[1;33merror[0m] socket: unable to connect sock.c:282: Connection refused
[[1;33merror[0m] socket: unable to connect sock.c:282: Connection refused
[[1;33merror[0m] socket: unable to connect sock.c:282: Connection refused
[[1;33merror[0m] socket: unable to connect sock.c:282: Connection refused
[[1;33merror[0m] socket: unable to connect sock.c:282: Connection refused
[[1;33merror[0m] socket: unable to connect sock.c:282: Connection refused
[[1;33merror[0m] socket: unable to connect sock.c:282: Connection refused
[[1;33merror[0m] socket: unable to connect sock.c:282: Connection refused
[[1;33merror[0m] socket: unable to connect sock.c:282: Connection refused
[[1;33merror[0m] socket: unable to connect sock.c:282: Connection refused
[[1;33merror[0m] socket: unable to connect sock.c:282: Connection refused
[[1;33merror[0m] socket: unable to connect sock.c:282: Connection refused
[[1;33merror[0m] socket: unable to connect sock.c:282: Connection refused
[[1;33merror[0m] socket: unable to connect sock.c:282: Connection refused
[[1;33merror[0m] socket: unable to connect sock.c:282: Connection refused
[[1;33merror[0m] socket: unable to connect sock.c:282: Connection refused
[[1;33merror[0m] socket: unable to connect sock.c:282: Connection refused
[[1;33merror[0m] socket: unable to connect sock.c:282: Connection refused
[[1;33merror[0m] socket: unable to connect sock.c:282: Connection refused
[[1;33merror[0m] socket: unable to connect sock.c:282: Connection refused
[[1;33merror[0m] socket: unable to connect sock.c:282: Connection refused
[[1;33merror[0m] socket: unable to connect sock.c:282: Connection refused
[[1;33merror[0m] socket: unable to connect sock.c:282: Connection refused
[[1;33merror[0m] socket: unable to connect sock.c:282: Connection refused
[[1;33merror[0m] socket: unable to connect sock.c:282: Connection refused
[[1;33merror[0m] socket: unable to connect sock.c:282: Connection refused
[[1;33merror[0m] socket: unable to connect sock.c:282: Connection refused
[[1;33merror[0m] socket: unable to connect sock.c:282: Connection refused
[[1;33merror[0m] socket: unable to connect sock.c:282: Connection refused
[[1;33merror[0m] socket: unable to connect sock.c:282: Connection refused
[[1;33merror[0m] socket: unable to connect sock.c:282: Connection refused
[[1;33merror[0m] socket: unable to connect sock.c:282: Connection refused
[[1;33merror[0m] socket: unable to connect sock.c:282: Connection refused
[[1;33merror[0m] socket: unable to connect sock.c:282: Connection refused
[[1;33merror[0m] socket: unable to connect sock.c:282: Connection refused
[[1;33merror[0m] socket: unable to connect sock.c:282: Connection refused
[[1;33merror[0m] socket: unable to connect sock.c:282: Connection refused
[[1;33merror[0m] socket: unable to connect sock.c:282: Connection refused
[[1;33merror[0m] socket: unable to connect sock.c:282: Connection refused
[[1;33merror[0m] socket: unable to connect sock.c:282: Connection refused
[[1;33merror[0m] socket: unable to connect sock.c:282: Connection refused
[[1;33merror[0m] socket: unable to connect sock.c:282: Connection refused
[[1;33merror[0m] socket: unable to connect sock.c:282: Connection refused
[[1;33merror[0m] socket: unable to connect sock.c:282: Connection refused
[[1;33merror[0m] socket: unable to connect sock.c:282: Connection refused
[[1;33merror[0m] socket: unable to connect sock.c:282: Connection refused
[[1;33merror[0m] socket: unable to connect sock.c:282: Connection refused
[[1;33merror[0m] socket: unable to connect sock.c:282: Connection refused
[[1;33merror[0m] socket: unable to connect sock.c:282: Connection refused
[[1;33merror[0m] socket: unable to connect sock.c:282: Connection refused
[[1;33merror[0m] socket: unable to connect sock.c:282: Connection refused
[[1;33merror[0m] socket: unable to connect sock.c:282: Connection refused
[[1;33merror[0m] socket: unable to connect sock.c:282: Connection refused
[[1;33merror[0m] socket: unable to connect sock.c:282: Connection refused
[[1;33merror[0m] socket: unable to connect sock.c:282: Connection refused
[[1;33merror[0m] socket: unable to connect sock.c:282: Connection refused
[[1;33merror[0m] socket: unable to connect sock.c:282: Connection refused
[[1;33merror[0m] socket: unable to connect sock.c:282: Connection refused
[[1;33merror[0m] socket: unable to connect sock.c:282: Connection refused
[[1;33merror[0m] socket: unable to connect sock.c:282: Connection refused
[[1;33merror[0m] socket: unable to connect sock.c:282: Connection refused
[[1;33merror[0m] socket: unable to connect sock.c:282: Connection refused
[[1;33merror[0m] socket: unable to connect sock.c:282: Connection refused
[[1;33merror[0m] socket: unable to connect sock.c:282: Connection refused
[[1;33merror[0m] socket: unable to connect sock.c:282: Connection refused
[[1;33merror[0m] socket: unable to connect sock.c:282: Connection refused
[[1;33merror[0m] socket: unable to connect sock.c:282: Connection refused
[[1;33merror[0m] socket: unable to connect sock.c:282: Connection refused
[[1;33merror[0m] socket: unable to connect sock.c:282: Connection refused
[[1;33merror[0m] socket: unable to connect sock.c:282: Connection refused
[[1;33merror[0m] socket: unable to connect sock.c:282: Connection refused
[[1;33merror[0m] socket: unable to connect sock.c:282: Connection refused
[[1;33merror[0m] socket: unable to connect sock.c:282: Connection refused
[[1;33merror[0m] socket: unable to connect sock.c:282: Connection refused
[[1;33merror[0m] socket: unable to connect sock.c:282: Connection refused
[[1;33merror[0m] socket: unable to connect sock.c:282: Connection refused
[[1;33merror[0m] socket: unable to connect sock.c:282: Connection refused
[[1;33merror[0m] socket: unable to connect sock.c:282: Connection refused
[[1;33merror[0m] socket: unable to connect sock.c:282: Connection refused
[[1;33merror[0m] socket: unable to connect sock.c:282: Connection refused
[[1;33merror[0m] socket: unable to connect sock.c:282: Connection refused
[[1;33merror[0m] socket: unable to connect sock.c:282: Connection refused
[[1;33merror[0m] socket: unable to connect sock.c:282: Connection refused
[[1;33merror[0m] socket: unable to connect sock.c:282: Connection refused
[[1;33merror[0m] socket: unable to connect sock.c:282: Connection refused
[[1;33merror[0m] socket: unable to connect sock.c:282: Connection refused
[[1;33merror[0m] socket: unable to connect sock.c:282: Connection refused
[[1;33merror[0m] socket: unable to connect sock.c:282: Connection refused
[[1;33merror[0m] socket: unable to connect sock.c:282: Connection refused
[[1;33merror[0m] socket: unable to connect sock.c:282: Connection refused
[[1;33merror[0m] socket: unable to connect sock.c:282: Connection refused
[[1;33merror[0m] socket: unable to connect sock.c:282: Connection refused
[[1;33merror[0m] socket: unable to connect sock.c:282: Connection refused
[[1;33merror[0m] socket: unable to connect sock.c:282: Connection refused
[[1;33merror[0m] socket: unable to connect sock.c:282: Connection refused
[[1;33merror[0m] socket: unable to connect sock.c:282: Connection refused
[[1;33merror[0m] socket: unable to connect sock.c:282: Connection refused
[[1;33merror[0m] socket: unable to connect sock.c:282: Connection refused
[[1;33merror[0m] socket: unable to connect sock.c:282: Connection refused
[[1;33merror[0m] socket: unable to connect sock.c:282: Connection refused
[[1;33merror[0m] socket: unable to connect sock.c:282: Connection refused
[[1;33merror[0m] socket: unable to connect sock.c:282: Connection refused
[[1;33merror[0m] socket: unable to connect sock.c:282: Connection refused
[[1;33merror[0m] socket: unable to connect sock.c:282: Connection refused
[[1;33merror[0m] socket: unable to connect sock.c:282: Connection refused
[[1;33merror[0m] socket: unable to connect sock.c:282: Connection refused
[[1;33merror[0m] socket: unable to connect sock.c:282: Connection refused
[[1;33merror[0m] socket: unable to connect sock.c:282: Connection refused
[[1;33merror[0m] socket: unable to connect sock.c:282: Connection refused
[[1;33merror[0m] socket: unable to connect sock.c:282: Connection refused
[[1;33merror[0m] socket: unable to connect sock.c:282: Connection refused
[[1;33merror[0m] socket: unable to connect sock.c:282: Connection refused
[[1;33merror[0m] socket: unable to connect sock.c:282: Connection refused
[[1;33merror[0m] socket: unable to connect sock.c:282: Connection refused
[[1;33merror[0m] socket: unable to connect sock.c:282: Connection refused
[[1;33merror[0m] socket: unable to connect sock.c:282: Connection refused
[[1;33merror[0m] socket: unable to connect sock.c:282: Connection refused
[[1;33merror[0m] socket: unable to connect sock.c:282: Connection refused
[[1;33merror[0m] socket: unable to connect sock.c:282: Connection refused
[[1;33merror[0m] socket: unable to connect sock.c:282: Connection refused
[[1;33merror[0m] socket: unable to connect sock.c:282: Connection refused
[[1;33merror[0m] socket: unable to connect sock.c:282: Connection refused
[[1;33merror[0m] socket: unable to connect sock.c:282: Connection refused
[[1;33merror[0m] socket: unable to connect sock.c:282: Connection refused
[[1;33merror[0m] socket: unable to connect sock.c:282: Connection refused
[[1;33merror[0m] socket: unable to connect sock.c:282: Connection refused
[[1;33merror[0m] socket: unable to connect sock.c:282: Connection refused
[[1;33merror[0m] socket: unable to connect sock.c:282: Connection refused
[[1;33merror[0m] socket: unable to connect sock.c:282: Connection refused
[[1;33merror[0m] socket: unable to connect sock.c:282: Connection refused
[[1;33merror[0m] socket: unable to connect sock.c:282: Connection refused
[[1;33merror[0m] socket: unable to connect sock.c:282: Connection refused
[[1;33merror[0m] socket: unable to connect sock.c:282: Connection refused
[[1;33merror[0m] socket: unable to connect sock.c:282: Connection refused
[[1;33merror[0m] socket: unable to connect sock.c:282: Connection refused
[[1;33merror[0m] socket: unable to connect sock.c:282: Connection refused
[[1;33merror[0m] socket: unable to connect sock.c:282: Connection refused
[[1;33merror[0m] socket: unable to connect sock.c:282: Connection refused
[[1;33merror[0m] socket: unable to connect sock.c:282: Connection refused
[[1;33merror[0m] socket: unable to connect sock.c:282: Connection refused
[[1;33merror[0m] socket: unable to connect sock.c:282: Connection refused
[[1;33merror[0m] socket: unable to connect sock.c:282: Connection refused
[[1;33merror[0m] socket: unable to connect sock.c:282: Connection refused
[[1;33merror[0m] socket: unable to connect sock.c:282: Connection refused
[[1;33merror[0m] socket: unable to connect sock.c:282: Connection refused
[[1;33merror[0m] socket: unable to connect sock.c:282: Connection refused
[[1;33merror[0m] socket: unable to connect sock.c:282: Connection refused
[[1;33merror[0m] socket: unable to connect sock.c:282: Connection refused
[[1;33merror[0m] socket: unable to connect sock.c:282: Connection refused
[[1;33merror[0m] socket: unable to connect sock.c:282: Connection refused
[[1;33merror[0m] socket: unable to connect sock.c:282: Connection refused
[[1;33merror[0m] socket: unable to connect sock.c:282: Connection refused
[[1;33merror[0m] socket: unable to connect sock.c:282: Connection refused
[[1;33merror[0m] socket: unable to connect sock.c:282: Connection refused
[[1;33merror[0m] socket: unable to connect sock.c:282: Connection refused
[[1;33merror[0m] socket: unable to connect sock.c:282: Connection refused
[[1;33merror[0m] socket: unable to connect sock.c:282: Connection refused
[[1;33merror[0m] socket: unable to connect sock.c:282: Connection refused
[[1;33merror[0m] socket: unable to connect sock.c:282: Connection refused
[[1;33merror[0m] socket: unable to connect sock.c:282: Connection refused
[[1;33merror[0m] socket: unable to connect sock.c:282: Connection refused
[[1;33merror[0m] socket: unable to connect sock.c:282: Connection refused
[[1;33merror[0m] socket: unable to connect sock.c:282: Connection refused
[[1;33merror[0m] socket: unable to connect sock.c:282: Connection refused
[[1;33merror[0m] socket: unable to connect sock.c:282: Connection refused
[[1;33merror[0m] socket: unable to connect sock.c:282: Connection refused
[[1;33merror[0m] socket: unable to connect sock.c:282: Connection refused
[[1;33merror[0m] socket: unable to connect sock.c:282: Connection refused
[[1;33merror[0m] socket: unable to connect sock.c:282: Connection refused
[[1;33merror[0m] socket: unable to connect sock.c:282: Connection refused
[[1;33merror[0m] socket: unable to connect sock.c:282: Connection refused
[[1;33merror[0m] socket: unable to connect sock.c:282: Connection refused
[[1;33merror[0m] socket: unable to connect sock.c:282: Connection refused
[[1;33merror[0m] socket: unable to connect sock.c:282: Connection refused
[[1;33merror[0m] socket: unable to connect sock.c:282: Connection refused
[[1;33merror[0m] socket: unable to connect sock.c:282: Connection refused
[[1;33merror[0m] socket: unable to connect sock.c:282: Connection refused
[[1;33merror[0m] socket: unable to connect sock.c:282: Connection refused
[[1;33merror[0m] socket: unable to connect sock.c:282: Connection refused
[[1;33merror[0m] socket: unable to connect sock.c:282: Connection refused
[[1;33merror[0m] socket: unable to connect sock.c:282: Connection refused
[[1;33merror[0m] socket: unable to connect sock.c:282: Connection refused
[[1;33merror[0m] socket: unable to connect sock.c:282: Connection refused
[[1;33merror[0m] socket: unable to connect sock.c:282: Connection refused
[[1;33merror[0m] socket: unable to connect sock.c:282: Connection refused
[[1;33merror[0m] socket: unable to connect sock.c:282: Connection refused
[[1;33merror[0m] socket: unable to connect sock.c:282: Connection refused
[[1;33merror[0m] socket: unable to connect sock.c:282: Connection refused
[[1;33merror[0m] socket: unable to connect sock.c:282: Connection refused
[[1;33merror[0m] socket: unable to connect sock.c:282: Connection refused
[[1;33merror[0m] socket: unable to connect sock.c:282: Connection refused
[[1;33merror[0m] socket: unable to connect sock.c:282: Connection refused
[[1;33merror[0m] socket: unable to connect sock.c:282: Connection refused
[[1;33merror[0m] socket: unable to connect sock.c:282: Connection refused
[[1;33merror[0m] socket: unable to connect sock.c:282: Connection refused
[[1;33merror[0m] socket: unable to connect sock.c:282: Connection refused
[[1;33merror[0m] socket: unable to connect sock.c:282: Connection refused
[[1;33merror[0m] socket: unable to connect sock.c:282: Connection refused
[[1;33merror[0m] socket: unable to connect sock.c:282: Connection refused
[[1;33merror[0m] socket: unable to connect sock.c:282: Connection refused
[[1;33merror[0m] socket: unable to connect sock.c:282: Connection refused
[[1;33merror[0m] socket: unable to connect sock.c:282: Connection refused
[[1;33merror[0m] socket: unable to connect sock.c:282: Connection refused
[[1;33merror[0m] socket: unable to connect sock.c:282: Connection refused
[[1;33merror[0m] socket: unable to connect sock.c:282: Connection refused
[[1;33merror[0m] socket: unable to connect sock.c:282: Connection refused
[[1;33merror[0m] socket: unable to connect sock.c:282: Connection refused
[[1;33merror[0m] socket: unable to connect sock.c:282: Connection refused
[[1;33merror[0m] socket: unable to connect sock.c:282: Connection refused
[[1;33merror[0m] socket: unable to connect sock.c:282: Connection refused
[[1;33merror[0m] socket: unable to connect sock.c:282: Connection refused
[[1;33merror[0m] socket: unable to connect sock.c:282: Connection refused
[[1;33merror[0m] socket: unable to connect sock.c:282: Connection refused
[[1;33merror[0m] socket: unable to connect sock.c:282: Connection refused
[[1;33merror[0m] socket: unable to connect sock.c:282: Connection refused
[[1;33merror[0m] socket: unable to connect sock.c:282: Connection refused
[[1;33merror[0m] socket: unable to connect sock.c:282: Connection refused
[[1;33merror[0m] socket: unable to connect sock.c:282: Connection refused
[[1;33merror[0m] socket: unable to connect sock.c:282: Connection refused
[[1;33merror[0m] socket: unable to connect sock.c:282: Connection refused
[[1;33merror[0m] socket: unable to connect sock.c:282: Connection refused
[[1;33merror[0m] socket: unable to connect sock.c:282: Connection refused
[[1;33merror[0m] socket: unable to connect sock.c:282: Connection refused
[[1;33merror[0m] socket: unable to connect sock.c:282: Connection refused
[[1;33merror[0m] socket: unable to connect sock.c:282: Connection refused
[[1;33merror[0m] socket: unable to connect sock.c:282: Connection refused
[[1;33merror[0m] socket: unable to connect sock.c:282: Connection refused
[[1;33merror[0m] socket: unable to connect sock.c:282: Connection refused
[[1;33merror[0m] socket: unable to connect sock.c:282: Connection refused
[[1;33merror[0m] socket: unable to connect sock.c:282: Connection refused
[[1;33merror[0m] socket: unable to connect sock.c:282: Connection refused
[[1;33merror[0m] socket: unable to connect sock.c:282: Connection refused
[[1;33merror[0m] socket: unable to connect sock.c:282: Connection refused
[[1;33merror[0m] socket: unable to connect sock.c:282: Connection refused
[[1;33merror[0m] socket: unable to connect sock.c:282: Connection refused
[[1;33merror[0m] socket: unable to connect sock.c:282: Connection refused
[[1;33merror[0m] socket: unable to connect sock.c:282: Connection refused
[[1;33merror[0m] socket: unable to connect sock.c:282: Connection refused
[[1;33merror[0m] socket: unable to connect sock.c:282: Connection refused
[[1;33merror[0m] socket: unable to connect sock.c:282: Connection refused
[[1;33merror[0m] socket: unable to connect sock.c:282: Connection refused
[[1;33merror[0m] socket: unable to connect sock.c:282: Connection refused
[[1;33merror[0m] socket: unable to connect sock.c:282: Connection refused
[[1;33merror[0m] socket: unable to connect sock.c:282: Connection refused
[[1;33merror[0m] socket: unable to connect sock.c:282: Connection refused
[[1;33merror[0m] socket: unable to connect sock.c:282: Connection refused
[[1;33merror[0m] socket: unable to connect sock.c:282: Connection refused
[[1;33merror[0m] socket: unable to connect sock.c:282: Connection refused
[[1;33merror[0m] socket: unable to connect sock.c:282: Connection refused
[[1;33merror[0m] socket: unable to connect sock.c:282: Connection refused
[[1;33merror[0m] socket: unable to connect sock.c:282: Connection refused
[[1;33merror[0m] socket: unable to connect sock.c:282: Connection refused
[[1;33merror[0m] socket: unable to connect sock.c:282: Connection refused
[[1;33merror[0m] socket: unable to connect sock.c:282: Connection refused
[[1;33merror[0m] socket: unable to connect sock.c:282: Connection refused
[[1;33merror[0m] socket: unable to connect sock.c:282: Connection refused
[[1;33merror[0m] socket: unable to connect sock.c:282: Connection refused
[[1;33merror[0m] socket: unable to connect sock.c:282: Connection refused
[[1;33merror[0m] socket: unable to connect sock.c:282: Connection refused
[[1;33merror[0m] socket: unable to connect sock.c:282: Connection refused
[[1;33merror[0m] socket: unable to connect sock.c:282: Connection refused
[[1;33merror[0m] socket: unable to connect sock.c:282: Connection refused
[[1;33merror[0m] socket: unable to connect sock.c:282: Connection refused
[[1;33merror[0m] socket: unable to connect sock.c:282: Connection refused
[[1;33merror[0m] socket: unable to connect sock.c:282: Connection refused
[[1;33merror[0m] socket: unable to connect sock.c:282: Connection refused
[[1;33merror[0m] socket: unable to connect sock.c:282: Connection refused
[[1;33merror[0m] socket: unable to connect sock.c:282: Connection refused
[[1;33merror[0m] socket: unable to connect sock.c:282: Connection refused
[[1;33merror[0m] socket: unable to connect sock.c:282: Connection refused
[[1;33merror[0m] socket: unable to connect sock.c:282: Connection refused
[[1;33merror[0m] socket: unable to connect sock.c:282: Connection refused
[[1;33merror[0m] socket: unable to connect sock.c:282: Connection refused
[[1;33merror[0m] socket: unable to connect sock.c:282: Connection refused
[[1;33merror[0m] socket: unable to connect sock.c:282: Connection refused
[[1;33merror[0m] socket: unable to connect sock.c:282: Connection refused
[[1;33merror[0m] socket: unable to connect sock.c:282: Connection refused
[[1;33merror[0m] socket: unable to connect sock.c:282: Connection refused
[[1;33merror[0m] socket: unable to connect sock.c:282: Connection refused
[[1;33merror[0m] socket: unable to connect sock.c:282: Connection refused
[[1;33merror[0m] socket: unable to connect sock.c:282: Connection refused
[[1;33merror[0m] socket: unable to connect sock.c:282: Connection refused
[[1;33merror[0m] socket: unable to connect sock.c:282: Connection refused
[[1;33merror[0m] socket: unable to connect sock.c:282: Connection refused
[[1;33merror[0m] socket: unable to connect sock.c:282: Connection refused
[[1;33merror[0m] socket: unable to connect sock.c:282: Connection refused
[[1;33merror[0m] socket: unable to connect sock.c:282: Connection refused
[[1;33merror[0m] socket: unable to connect sock.c:282: Connection refused
[[1;33merror[0m] socket: unable to connect sock.c:282: Connection refused
[[1;33merror[0m] socket: unable to connect sock.c:282: Connection refused
[[1;33merror[0m] socket: unable to connect sock.c:282: Connection refused
[[1;33merror[0m] socket: unable to connect sock.c:282: Connection refused
[[1;33merror[0m] socket: unable to connect sock.c:282: Connection refused
[[1;33merror[0m] socket: unable to connect sock.c:282: Connection refused
[[1;33merror[0m] socket: unable to connect sock.c:282: Connection refused
[[1;33merror[0m] socket: unable to connect sock.c:282: Connection refused
[[1;33merror[0m] socket: unable to connect sock.c:282: Connection refused
[[1;33merror[0m] socket: unable to connect sock.c:282: Connection refused
[[1;33merror[0m] socket: unable to connect sock.c:282: Connection refused
[[1;33merror[0m] socket: unable to connect sock.c:282: Connection refused
[[1;33merror[0m] socket: unable to connect sock.c:282: Connection refused
[[1;33merror[0m] socket: unable to connect sock.c:282: Connection refused
[[1;33merror[0m] socket: unable to connect sock.c:282: Connection refused
[[1;33merror[0m] socket: unable to connect sock.c:282: Connection refused
[[1;33merror[0m] socket: unable to connect sock.c:282: Connection refused
[[1;33merror[0m] socket: unable to connect sock.c:282: Connection refused
[[1;33merror[0m] socket: unable to connect sock.c:282: Connection refused
[[1;33merror[0m] socket: unable to connect sock.c:282: Connection refused
[[1;33merror[0m] socket: unable to connect sock.c:282: Connection refused
[[1;33merror[0m] socket: unable to connect sock.c:282: Connection refused
[[1;33merror[0m] socket: unable to connect sock.c:282: Connection refused
[[1;33merror[0m] socket: unable to connect sock.c:282: Connection refused
[[1;33merror[0m] socket: unable to connect sock.c:282: Connection refused
[[1;33merror[0m] socket: unable to connect sock.c:282: Connection refused
[[1;33merror[0m] socket: unable to connect sock.c:282: Connection refused
[[1;33merror[0m] socket: unable to connect sock.c:282: Connection refused
[[1;33merror[0m] socket: unable to connect sock.c:282: Connection refused
[[1;33merror[0m] socket: unable to connect sock.c:282: Connection refused
[[1;33merror[0m] socket: unable to connect sock.c:282: Connection refused
[[1;33merror[0m] socket: unable to connect sock.c:282: Connection refused
[[1;33merror[0m] socket: unable to connect sock.c:282: Connection refused
[[1;33merror[0m] socket: unable to connect sock.c:282: Connection refused
[[1;33merror[0m] socket: unable to connect sock.c:282: Connection refused
[[1;33merror[0m] socket: unable to connect sock.c:282: Connection refused
[[1;33merror[0m] socket: unable to connect sock.c:282: Connection refused
[[1;33merror[0m] socket: unable to connect sock.c:282: Connection refused
[[1;33merror[0m] socket: unable to connect sock.c:282: Connection refused
[[1;33merror[0m] socket: unable to connect sock.c:282: Connection refused
[[1;33merror[0m] socket: unable to connect sock.c:282: Connection refused
[[1;33merror[0m] socket: unable to connect sock.c:282: Connection refused
[[1;33merror[0m] socket: unable to connect sock.c:282: Connection refused
[[1;33merror[0m] socket: unable to connect sock.c:282: Connection refused
[[1;33merror[0m] socket: unable to connect sock.c:282: Connection refused
[[1;33merror[0m] socket: unable to connect sock.c:282: Connection refused
[[1;33merror[0m] socket: unable to connect sock.c:282: Connection refused
[[1;33merror[0m] socket: unable to connect sock.c:282: Connection refused
[[1;33merror[0m] socket: unable to connect sock.c:282: Connection refused
[[1;33merror[0m] socket: unable to connect sock.c:282: Connection refused
[[1;33merror[0m] socket: unable to connect sock.c:282: Connection refused
[[1;33merror[0m] socket: unable to connect sock.c:282: Connection refused
[[1;33merror[0m] socket: unable to connect sock.c:282: Connection refused
[[1;33merror[0m] socket: unable to connect sock.c:282: Connection refused
[[1;33merror[0m] socket: unable to connect sock.c:282: Connection refused
[[1;33merror[0m] socket: unable to connect sock.c:282: Connection refused
[[1;33merror[0m] socket: unable to connect sock.c:282: Connection refused
[[1;33merror[0m] socket: unable to connect sock.c:282: Connection refused
[[1;33merror[0m] socket: unable to connect sock.c:282: Connection refused
[[1;33merror[0m] socket: unable to connect sock.c:282: Connection refused
[[1;33merror[0m] socket: unable to connect sock.c:282: Connection refused
[[1;33merror[0m] socket: unable to connect sock.c:282: Connection refused
[[1;33merror[0m] socket: unable to connect sock.c:282: Connection refused
[[1;33merror[0m] socket: unable to connect sock.c:282: Connection refused
[[1;33merror[0m] socket: unable to connect sock.c:282: Connection refused
[[1;33merror[0m] socket: unable to connect sock.c:282: Connection refused
[[1;33merror[0m] socket: unable to connect sock.c:282: Connection refused
[[1;33merror[0m] socket: unable to connect sock.c:282: Connection refused
[[1;33merror[0m] socket: unable to connect sock.c:282: Connection refused
[[1;33merror[0m] socket: unable to connect sock.c:282: Connection refused
[[1;33merror[0m] socket: unable to connect sock.c:282: Connection refused
[[1;33merror[0m] socket: unable to connect sock.c:282: Connection refused
[[1;33merror[0m] socket: unable to connect sock.c:282: Connection refused
[[1;33merror[0m] socket: unable to connect sock.c:282: Connection refused
[[1;33merror[0m] socket: unable to connect sock.c:282: Connection refused
[[1;33merror[0m] socket: unable to connect sock.c:282: Connection refused
[[1;33merror[0m] socket: unable to connect sock.c:282: Connection refused
[[1;33merror[0m] socket: unable to connect sock.c:282: Connection refused
[[1;33merror[0m] socket: unable to connect sock.c:282: Connection refused
[[1;33merror[0m] socket: unable to connect sock.c:282: Connection refused
[[1;33merror[0m] socket: unable to connect sock.c:282: Connection refused
[[1;33merror[0m] socket: unable to connect sock.c:282: Connection refused
[[1;33merror[0m] socket: unable to connect sock.c:282: Connection refused
[[1;33merror[0m] socket: unable to connect sock.c:282: Connection refused
[[1;33merror[0m] socket: unable to connect sock.c:282: Connection refused
[[1;33merror[0m] socket: unable to connect sock.c:282: Connection refused
[[1;33merror[0m] socket: unable to connect sock.c:282: Connection refused
[[1;33merror[0m] socket: unable to connect sock.c:282: Connection refused
[[1;33merror[0m] socket: unable to connect sock.c:282: Connection refused
[[1;33merror[0m] socket: unable to connect sock.c:282: Connection refused
[[1;33merror[0m] socket: unable to connect sock.c:282: Connection refused
[[1;33merror[0m] socket: unable to connect sock.c:282: Connection refused
[[1;33merror[0m] socket: unable to connect sock.c:282: Connection refused
[[1;33merror[0m] socket: unable to connect sock.c:282: Connection refused
[[1;33merror[0m] socket: unable to connect sock.c:282: Connection refused
[[1;33merror[0m] socket: unable to connect sock.c:282: Connection refused
[[1;33merror[0m] socket: unable to connect sock.c:282: Connection refused
[[1;33merror[0m] socket: unable to connect sock.c:282: Connection refused
[[1;33merror[0m] socket: unable to connect sock.c:282: Connection refused
[[1;33merror[0m] socket: unable to connect sock.c:282: Connection refused
[[1;33merror[0m] socket: unable to connect sock.c:282: Connection refused
[[1;33merror[0m] socket: unable to connect sock.c:282: Connection refused
[[1;33merror[0m] socket: unable to connect sock.c:282: Connection refused
[[1;33merror[0m] socket: unable to connect sock.c:282: Connection refused
[[1;33merror[0m] socket: unable to connect sock.c:282: Connection refused
[[1;33merror[0m] socket: unable to connect sock.c:282: Connection refused
[[1;33merror[0m] socket: unable to connect sock.c:282: Connection refused
[[1;33merror[0m] socket: unable to connect sock.c:282: Connection refused
[[1;33merror[0m] socket: unable to connect sock.c:282: Connection refused
[[1;33merror[0m] socket: unable to connect sock.c:282: Connection refused
[[1;33merror[0m] socket: unable to connect sock.c:282: Connection refused
[[1;33merror[0m] socket: unable to connect sock.c:282: Connection refused
[[1;33merror[0m] socket: unable to connect sock.c:282: Connection refused
[[1;33merror[0m] socket: unable to connect sock.c:282: Connection refused
[[1;33merror[0m] socket: unable to connect sock.c:282: Connection refused
[[1;33merror[0m] socket: unable to connect sock.c:282: Connection refused
[[1;33merror[0m] socket: unable to connect sock.c:282: Connection refused
[[1;33merror[0m] socket: unable to connect sock.c:282: Connection refused
[[1;33merror[0m] socket: unable to connect sock.c:282: Connection refused
[[1;33merror[0m] socket: unable to connect sock.c:282: Connection refused
[[1;33merror[0m] socket: unable to connect sock.c:282: Connection refused
[[1;33merror[0m] socket: unable to connect sock.c:282: Connection refused
[[1;33merror[0m] socket: unable to connect sock.c:282: Connection refused
[[1;33merror[0m] socket: unable to connect sock.c:282: Connection refused
[[1;33merror[0m] socket: unable to connect sock.c:282: Connection refused
[[1;33merror[0m] socket: unable to connect sock.c:282: Connection refused
[[1;33merror[0m] socket: unable to connect sock.c:282: Connection refused
[[1;33merror[0m] socket: unable to connect sock.c:282: Connection refused
[[1;33merror[0m] socket: unable to connect sock.c:282: Connection refused
[[1;33merror[0m] socket: unable to connect sock.c:282: Connection refused
[[1;33merror[0m] socket: unable to connect sock.c:282: Connection refused
[[1;33merror[0m] socket: unable to connect sock.c:282: Connection refused
[[1;33merror[0m] socket: unable to connect sock.c:282: Connection refused
[[1;33merror[0m] socket: unable to connect sock.c:282: Connection refused
[[1;33merror[0m] socket: unable to connect sock.c:282: Connection refused
[[1;33merror[0m] socket: unable to connect sock.c:282: Connection refused
[[1;33merror[0m] socket: unable to connect sock.c:282: Connection refused
[[1;33merror[0m] socket: unable to connect sock.c:282: Connection refused
[[1;33merror[0m] socket: unable to connect sock.c:282: Connection refused
[[1;33merror[0m] socket: unable to connect sock.c:282: Connection refused
[[1;33merror[0m] socket: unable to connect sock.c:282: Connection refused
[[1;33merror[0m] socket: unable to connect sock.c:282: Connection refused
[[1;33merror[0m] socket: unable to connect sock.c:282: Connection refused
[[1;33merror[0m] socket: unable to connect sock.c:282: Connection refused
[[1;33merror[0m] socket: unable to connect sock.c:282: Connection refused
[[1;33merror[0m] socket: unable to connect sock.c:282: Connection refused
[[1;33merror[0m] socket: unable to connect sock.c:282: Connection refused
[[1;33merror[0m] socket: unable to connect sock.c:282: Connection refused
[[1;33merror[0m] socket: unable to connect sock.c:282: Connection refused
[[1;33merror[0m] socket: unable to connect sock.c:282: Connection refused
[[1;33merror[0m] socket: unable to connect sock.c:282: Connection refused
[[1;33merror[0m] socket: unable to connect sock.c:282: Connection refused
[[1;33merror[0m] socket: unable to connect sock.c:282: Connection refused
[[1;33merror[0m] socket: unable to connect sock.c:282: Connection refused
[[1;33merror[0m] socket: unable to connect sock.c:282: Connection refused
[[1;33merror[0m] socket: unable to connect sock.c:282: Connection refused
[[1;33merror[0m] socket: unable to connect sock.c:282: Connection refused
[[1;33merror[0m] socket: unable to connect sock.c:282: Connection refused
[[1;33merror[0m] socket: unable to connect sock.c:282: Connection refused
[[1;33merror[0m] socket: unable to connect sock.c:282: Connection refused
[[1;33merror[0m] socket: unable to connect sock.c:282: Connection refused
[[1;33merror[0m] socket: unable to connect sock.c:282: Connection refused
[[1;33merror[0m] socket: unable to connect sock.c:282: Connection refused
[[1;33merror[0m] socket: unable to connect sock.c:282: Connection refused
[[1;33merror[0m] socket: unable to connect sock.c:282: Connection refused
[[1;33merror[0m] socket: unable to connect sock.c:282: Connection refused
[[1;33merror[0m] socket: unable to connect sock.c:282: Connection refused
[[1;33merror[0m] socket: unable to connect sock.c:282: Connection refused
[[1;33merror[0m] socket: unable to connect sock.c:282: Connection refused
[[1;33merror[0m] socket: unable to connect sock.c:282: Connection refused
[[1;33merror[0m] socket: unable to connect sock.c:282: Connection refused
[[1;33merror[0m] socket: unable to connect sock.c:282: Connection refused
[[1;33merror[0m] socket: unable to connect sock.c:282: Connection refused
[[1;33merror[0m] socket: unable to connect sock.c:282: Connection refused
[[1;33merror[0m] socket: unable to connect sock.c:282: Connection refused
[[1;33merror[0m] socket: unable to connect sock.c:282: Connection refused
[[1;33merror[0m] socket: unable to connect sock.c:282: Connection refused
[[1;33merror[0m] socket: unable to connect sock.c:282: Connection refused
[[1;33merror[0m] socket: unable to connect sock.c:282: Connection refused
[[1;33merror[0m] socket: unable to connect sock.c:282: Connection refused
[[1;33merror[0m] socket: unable to connect sock.c:282: Connection refused
[[1;33merror[0m] socket: unable to connect sock.c:282: Connection refused
[[1;33merror[0m] socket: unable to connect sock.c:282: Connection refused
[[1;33merror[0m] socket: unable to connect sock.c:282: Connection refused
[[1;33merror[0m] socket: unable to connect sock.c:282: Connection refused
[[1;33merror[0m] socket: unable to connect sock.c:282: Connection refused
[[1;33merror[0m] socket: unable to connect sock.c:282: Connection refused
[[1;33merror[0m] socket: unable to connect sock.c:282: Connection refused
[[1;33merror[0m] socket: unable to connect sock.c:282: Connection refused
[[1;33merror[0m] socket: unable to connect sock.c:282: Connection refused
[[1;33merror[0m] socket: unable to connect sock.c:282: Connection refused
[[1;33merror[0m] socket: unable to connect sock.c:282: Connection refused
[[1;33merror[0m] socket: unable to connect sock.c:282: Connection refused
[[1;33merror[0m] socket: unable to connect sock.c:282: Connection refused
[[1;33merror[0m] socket: unable to connect sock.c:282: Connection refused
[[1;33merror[0m] socket: unable to connect sock.c:282: Connection refused
[[1;33merror[0m] socket: unable to connect sock.c:282: Connection refused
[[1;33merror[0m] socket: unable to connect sock.c:282: Connection refused
[[1;33merror[0m] socket: unable to connect sock.c:282: Connection refused
[[1;33merror[0m] socket: unable to connect sock.c:282: Connection refused
[[1;33merror[0m] socket: unable to connect sock.c:282: Connection refused
[[1;33merror[0m] socket: unable to connect sock.c:282: Connection refused
[[1;33merror[0m] socket: unable to connect sock.c:282: Connection refused
[[1;33merror[0m] socket: unable to connect sock.c:282: Connection refused
[[1;33merror[0m] socket: unable to connect sock.c:282: Connection refused
[[1;33merror[0m] socket: unable to connect sock.c:282: Connection refused
[[1;33merror[0m] socket: unable to connect sock.c:282: Connection refused
[[1;33merror[0m] socket: unable to connect sock.c:282: Connection refused
[[1;33merror[0m] socket: unable to connect sock.c:282: Connection refused
[[1;33merror[0m] socket: unable to connect sock.c:282: Connection refused
[[1;33merror[0m] socket: unable to connect sock.c:282: Connection refused
[[1;33merror[0m] socket: unable to connect sock.c:282: Connection refused
[[1;33merror[0m] socket: unable to connect sock.c:282: Connection refused
[[1;33merror[0m] socket: unable to connect sock.c:282: Connection refused
[[1;33merror[0m] socket: unable to connect sock.c:282: Connection refused
[[1;33merror[0m] socket: unable to connect sock.c:282: Connection refused
[[1;33merror[0m] socket: unable to connect sock.c:282: Connection refused
[[1;33merror[0m] socket: unable to connect sock.c:282: Connection refused
[[1;33merror[0m] socket: unable to connect sock.c:282: Connection refused
[[1;33merror[0m] socket: unable to connect sock.c:282: Connection refused
[[1;33merror[0m] socket: unable to connect sock.c:282: Connection refused
[[1;33merror[0m] socket: unable to connect sock.c:282: Connection refused
[[1;33merror[0m] socket: unable to connect sock.c:282: Connection refused
[[1;33merror[0m] socket: unable to connect sock.c:282: Connection refused
[[1;33merror[0m] socket: unable to connect sock.c:282: Connection refused
[[1;33merror[0m] socket: unable to connect sock.c:282: Connection refused
[[1;33merror[0m] socket: unable to connect sock.c:282: Connection refused
[[1;33merror[0m] socket: unable to connect sock.c:282: Connection refused
[[1;33merror[0m] socket: unable to connect sock.c:282: Connection refused
[[1;33merror[0m] socket: unable to connect sock.c:282: Connection refused
[[1;33merror[0m] socket: unable to connect sock.c:282: Connection refused
[[1;33merror[0m] socket: unable to connect sock.c:282: Connection refused
[[1;33merror[0m] socket: unable to connect sock.c:282: Connection refused
[[1;33merror[0m] socket: unable to connect sock.c:282: Connection refused
[[1;33merror[0m] socket: unable to connect sock.c:282: Connection refused
[[1;33merror[0m] socket: unable to connect sock.c:282: Connection refused
[[1;33merror[0m] socket: unable to connect sock.c:282: Connection refused
[[1;33merror[0m] socket: unable to connect sock.c:282: Connection refused
[[1;33merror[0m] socket: unable to connect sock.c:282: Connection refused
[[1;33merror[0m] socket: unable to connect sock.c:282: Connection refused
[[1;33merror[0m] socket: unable to connect sock.c:282: Connection refused
[[1;33merror[0m] socket: unable to connect sock.c:282: Connection refused
[[1;33merror[0m] socket: unable to connect sock.c:282: Connection refused
[[1;33merror[0m] socket: unable to connect sock.c:282: Connection refused
[[1;33merror[0m] socket: unable to connect sock.c:282: Connection refused
[[1;33merror[0m] socket: unable to connect sock.c:282: Connection refused
[[1;33merror[0m] socket: unable to connect sock.c:282: Connection refused
[[1;33merror[0m] socket: unable to connect sock.c:282: Connection refused
[[1;33merror[0m] socket: unable to connect sock.c:282: Connection refused
[[1;33merror[0m] socket: unable to connect sock.c:282: Connection refused
[[1;33merror[0m] socket: unable to connect sock.c:282: Connection refused
[[1;33merror[0m] socket: unable to connect sock.c:282: Connection refused
[[1;33merror[0m] socket: unable to connect sock.c:282: Connection refused
[[1;33merror[0m] socket: unable to connect sock.c:282: Connection refused
[[1;33merror[0m] socket: unable to connect sock.c:282: Connection refused
[[1;33merror[0m] socket: unable to connect sock.c:282: Connection refused
[[1;33merror[0m] socket: unable to connect sock.c:282: Connection refused
[[1;33merror[0m] socket: unable to connect sock.c:282: Connection refused
[[1;33merror[0m] socket: unable to connect sock.c:282: Connection refused
[[1;33merror[0m] socket: unable to connect sock.c:282: Connection refused
[[1;33merror[0m] socket: unable to connect sock.c:282: Connection refused
[[1;33merror[0m] socket: unable to connect sock.c:282: Connection refused
[[1;33merror[0m] socket: unable to connect sock.c:282: Connection refused
[[1;33merror[0m] socket: unable to connect sock.c:282: Connection refused
[[1;33merror[0m] socket: unable to connect sock.c:282: Connection refused
[[1;33merror[0m] socket: unable to connect sock.c:282: Connection refused
[[1;33merror[0m] socket: unable to connect sock.c:282: Connection refused
[[1;33merror[0m] socket: unable to connect sock.c:282: Connection refused
[[1;33merror[0m] socket: unable to connect sock.c:282: Connection refused
[[1;33merror[0m] socket: unable to connect sock.c:282: Connection refused
[[1;33merror[0m] socket: unable to connect sock.c:282: Connection refused
[[1;33merror[0m] socket: unable to connect sock.c:282: Connection refused
[[1;33merror[0m] socket: unable to connect sock.c:282: Connection refused
[[1;33merror[0m] socket: unable to connect sock.c:282: Connection refused
[[1;33merror[0m] socket: unable to connect sock.c:282: Connection refused
[[1;33merror[0m] socket: unable to connect sock.c:282: Connection refused
[[1;33merror[0m] socket: unable to connect sock.c:282: Connection refused
[[1;33merror[0m] socket: unable to connect sock.c:282: Connection refused
[[1;33merror[0m] socket: unable to connect sock.c:282: Connection refused
[[1;33merror[0m] socket: unable to connect sock.c:282: Connection refused
[[1;33merror[0m] socket: unable to connect sock.c:282: Connection refused
[[1;33merror[0m] socket: unable to connect sock.c:282: Connection refused
[[1;33merror[0m] socket: unable to connect sock.c:282: Connection refused
[[1;33merror[0m] socket: unable to connect sock.c:282: Connection refused
[[1;33merror[0m] socket: unable to connect sock.c:282: Connection refused
[[1;33merror[0m] socket: unable to connect sock.c:282: Connection refused
[[1;33merror[0m] socket: unable to connect sock.c:282: Connection refused
[[1;33merror[0m] socket: unable to connect sock.c:282: Connection refused
[[1;33merror[0m] socket: unable to connect sock.c:282: Connection refused
[[1;33merror[0m] socket: unable to connect sock.c:282: Connection refused
[[1;33merror[0m] socket: unable to connect sock.c:282: Connection refused
[[1;33merror[0m] socket: unable to connect sock.c:282: Connection refused
[[1;33merror[0m] socket: unable to connect sock.c:282: Connection refused
[[1;33merror[0m] socket: unable to connect sock.c:282: Connection refused
[[1;33merror[0m] socket: unable to connect sock.c:282: Connection refused
[[1;33merror[0m] socket: unable to connect sock.c:282: Connection refused
[[1;33merror[0m] socket: unable to connect sock.c:282: Connection refused
[[1;33merror[0m] socket: unable to connect sock.c:282: Connection refused
[[1;33merror[0m] socket: unable to connect sock.c:282: Connection refused
[[1;33merror[0m] socket: unable to connect sock.c:282: Connection refused
[[1;33merror[0m] socket: unable to connect sock.c:282: Connection refused
[[1;33merror[0m] socket: unable to connect sock.c:282: Connection refused
[[1;33merror[0m] socket: unable to connect sock.c:282: Connection refused
[[1;33merror[0m] socket: unable to connect sock.c:282: Connection refused
[[1;33merror[0m] socket: unable to connect sock.c:282: Connection refused
[[1;33merror[0m] socket: unable to connect sock.c:282: Connection refused
[[1;33merror[0m] socket: unable to connect sock.c:282: Connection refused
[[1;33merror[0m] socket: unable to connect sock.c:282: Connection refused
[[1;33merror[0m] socket: unable to connect sock.c:282: Connection refused
[[1;33merror[0m] socket: unable to connect sock.c:282: Connection refused
[[1;33merror[0m] socket: unable to connect sock.c:282: Connection refused
[[1;33merror[0m] socket: unable to connect sock.c:282: Connection refused
[[1;33merror[0m] socket: unable to connect sock.c:282: Connection refused
[[1;33merror[0m] socket: unable to connect sock.c:282: Connection refused
[[1;33merror[0m] socket: unable to connect sock.c:282: Connection refused
[[1;33merror[0m] socket: unable to connect sock.c:282: Connection refused
[[1;33merror[0m] socket: unable to connect sock.c:282: Connection refused
[[1;33merror[0m] socket: unable to connect sock.c:282: Connection refused
[[1;33merror[0m] socket: unable to connect sock.c:282: Connection refused
[[1;33merror[0m] socket: unable to connect sock.c:282: Connection refused
[[1;33merror[0m] socket: unable to connect sock.c:282: Connection refused
[[1;33merror[0m] socket: unable to connect sock.c:282: Connection refused
[[1;33merror[0m] socket: unable to connect sock.c:282: Connection refused
[[1;33merror[0m] socket: unable to connect sock.c:282: Connection refused
[[1;33merror[0m] socket: unable to connect sock.c:282: Connection refused
[[1;33merror[0m] socket: unable to connect sock.c:282: Connection refused
[[1;33merror[0m] socket: unable to connect sock.c:282: Connection refused
[[1;33merror[0m] socket: unable to connect sock.c:282: Connection refused
[[1;33merror[0m] socket: unable to connect sock.c:282: Connection refused
[[1;33merror[0m] socket: unable to connect sock.c:282: Connection refused
[[1;33merror[0m] socket: unable to connect sock.c:282: Connection refused
[[1;33merror[0m] socket: unable to connect sock.c:282: Connection refused
[[1;33merror[0m] socket: unable to connect sock.c:282: Connection refused
[[1;33merror[0m] socket: unable to connect sock.c:282: Connection refused
[[1;33merror[0m] socket: unable to connect sock.c:282: Connection refused
[[1;33merror[0m] socket: unable to connect sock.c:282: Connection refused
[[1;33merror[0m] socket: unable to connect sock.c:282: Connection refused
[[1;33merror[0m] socket: unable to connect sock.c:282: Connection refused
[[1;33merror[0m] socket: unable to connect sock.c:282: Connection refused
[[1;33merror[0m] socket: unable to connect sock.c:282: Connection refused
[[1;33merror[0m] socket: unable to connect sock.c:282: Connection refused
[[1;33merror[0m] socket: unable to connect sock.c:282: Connection refused
[[1;33merror[0m] socket: unable to connect sock.c:282: Connection refused
[[1;33merror[0m] socket: unable to connect sock.c:282: Connection refused
[[1;33merror[0m] socket: unable to connect sock.c:282: Connection refused
[[1;33merror[0m] socket: unable to connect sock.c:282: Connection refused
[[1;33merror[0m] socket: unable to connect sock.c:282: Connection refused
[[1;33merror[0m] socket: unable to connect sock.c:282: Connection refused
[[1;33merror[0m] socket: unable to connect sock.c:282: Connection refused
[[1;33merror[0m] socket: unable to connect sock.c:282: Connection refused
[[1;33merror[0m] socket: unable to connect sock.c:282: Connection refused
[[1;33merror[0m] socket: unable to connect sock.c:282: Connection refused
[[1;33merror[0m] socket: unable to connect sock.c:282: Connection refused
[[1;33merror[0m] socket: unable to connect sock.c:282: Connection refused
[[1;33merror[0m] socket: unable to connect sock.c:282: Connection refused
[[1;33merror[0m] socket: unable to connect sock.c:282: Connection refused
[[1;33merror[0m] socket: unable to connect sock.c:282: Connection refused
[[1;33merror[0m] socket: unable to connect sock.c:282: Connection refused
[[1;33merror[0m] socket: unable to connect sock.c:282: Connection refused
[[1;33merror[0m] socket: unable to connect sock.c:282: Connection refused
[[1;33merror[0m] socket: unable to connect sock.c:282: Connection refused
[[1;33merror[0m] socket: unable to connect sock.c:282: Connection refused
[[1;33merror[0m] socket: unable to connect sock.c:282: Connection refused
[[1;33merror[0m] socket: unable to connect sock.c:282: Connection refused
[[1;33merror[0m] socket: unable to connect sock.c:282: Connection refused
[[1;33merror[0m] socket: unable to connect sock.c:282: Connection refused
[[1;33merror[0m] socket: unable to connect sock.c:282: Connection refused
[[1;33merror[0m] socket: unable to connect sock.c:282: Connection refused
[[1;33merror[0m] socket: unable to connect sock.c:282: Connection refused
[[1;33merror[0m] socket: unable to connect sock.c:282: Connection refused
[[1;33merror[0m] socket: unable to connect sock.c:282: Connection refused
[[1;33merror[0m] socket: unable to connect sock.c:282: Connection refused
[[1;33merror[0m] socket: unable to connect sock.c:282: Connection refused
[[1;33merror[0m] socket: unable to connect sock.c:282: Connection refused
[[1;33merror[0m] socket: unable to connect sock.c:282: Connection refused
[[1;33merror[0m] socket: unable to connect sock.c:282: Connection refused
[[1;33merror[0m] socket: unable to connect sock.c:282: Connection refused
[[1;33merror[0m] socket: unable to connect sock.c:282: Connection refused
[[1;33merror[0m] socket: unable to connect sock.c:282: Connection refused
[[1;33merror[0m] socket: unable to connect sock.c:282: Connection refused
[[1;33merror[0m] socket: unable to connect sock.c:282: Connection refused
[[1;33merror[0m] socket: unable to connect sock.c:282: Connection refused
[[1;33merror[0m] socket: unable to connect sock.c:282: Connection refused
[[1;33merror[0m] socket: unable to connect sock.c:282: Connection refused
[[1;33merror[0m] socket: unable to connect sock.c:282: Connection refused
[[1;33merror[0m] socket: unable to connect sock.c:282: Connection refused
[[1;33merror[0m] socket: unable to connect sock.c:282: Connection refused
[[1;33merror[0m] socket: unable to connect sock.c:282: Connection refused
[[1;33merror[0m] socket: unable to connect sock.c:282: Connection refused
[[1;33merror[0m] socket: unable to connect sock.c:282: Connection refused
[[1;33merror[0m] socket: unable to connect sock.c:282: Connection refused
[[1;33merror[0m] socket: unable to connect sock.c:282: Connection refused
[[1;33merror[0m] socket: unable to connect sock.c:282: Connection refused
[[1;33merror[0m] socket: unable to connect sock.c:282: Connection refused
[[1;33merror[0m] socket: unable to connect sock.c:282: Connection refused
[[1;33merror[0m] socket: unable to connect sock.c:282: Connection refused
[[1;33merror[0m] socket: unable to connect sock.c:282: Connection refused
[[1;33merror[0m] socket: unable to connect sock.c:282: Connection refused
[[1;33merror[0m] socket: unable to connect sock.c:282: Connection refused
[[1;33merror[0m] socket: unable to connect sock.c:282: Connection refused
[[1;33merror[0m] socket: unable to connect sock.c:282: Connection refused
[[1;33merror[0m] socket: unable to connect sock.c:282: Connection refused
[[1;33merror[0m] socket: unable to connect sock.c:282: Connection refused
[[1;33merror[0m] socket: unable to connect sock.c:282: Connection refused
[[1;33merror[0m] socket: unable to connect sock.c:282: Connection refused
[[1;33merror[0m] socket: unable to connect sock.c:282: Connection refused
[[1;33merror[0m] socket: unable to connect sock.c:282: Connection refused
[[1;33merror[0m] socket: unable to connect sock.c:282: Connection refused
[[1;33merror[0m] socket: unable to connect sock.c:282: Connection refused
[[1;33merror[0m] socket: unable to connect sock.c:282: Connection refused
[[1;33merror[0m] socket: unable to connect sock.c:282: Connection refused
[[1;33merror[0m] socket: unable to connect sock.c:282: Connection refused
[[1;33merror[0m] socket: unable to connect sock.c:282: Connection refused
[[1;33merror[0m] socket: unable to connect sock.c:282: Connection refused
[[1;33merror[0m] socket: unable to connect sock.c:282: Connection refused
[[1;33merror[0m] socket: unable to connect sock.c:282: Connection refused
[[1;33merror[0m] socket: unable to connect sock.c:282: Connection refused
[[1;33merror[0m] socket: unable to connect sock.c:282: Connection refused
[[1;33merror[0m] socket: unable to connect sock.c:282: Connection refused
[[1;33merror[0m] socket: unable to connect sock.c:282: Connection refused
[[1;33merror[0m] socket: unable to connect sock.c:282: Connection refused
[[1;33merror[0m] socket: unable to connect sock.c:282: Connection refused
[[1;33merror[0m] socket: unable to connect sock.c:282: Connection refused
[[1;33merror[0m] socket: unable to connect sock.c:282: Connection refused
[[1;33merror[0m] socket: unable to connect sock.c:282: Connection refused
[[1;33merror[0m] socket: unable to connect sock.c:282: Connection refused
[[1;33merror[0m] socket: unable to connect sock.c:282: Connection refused
[[1;33merror[0m] socket: unable to connect sock.c:282: Connection refused
[[1;33merror[0m] socket: unable to connect sock.c:282: Connection refused
[[1;33merror[0m] socket: unable to connect sock.c:282: Connection refused
[[1;33merror[0m] socket: unable to connect sock.c:282: Connection refused
[[1;33merror[0m] socket: unable to connect sock.c:282: Connection refused
[[1;33merror[0m] socket: unable to connect sock.c:282: Connection refused
[[1;33merror[0m] socket: unable to connect sock.c:282: Connection refused
[[1;33merror[0m] socket: unable to connect sock.c:282: Connection refused
[[1;33merror[0m] socket: unable to connect sock.c:282: Connection refused
[[1;33merror[0m] socket: unable to connect sock.c:282: Connection refused
[[1;33merror[0m] socket: unable to connect sock.c:282: Connection refused
[[1;33merror[0m] socket: unable to connect sock.c:282: Connection refused
[[1;33merror[0m] socket: unable to connect sock.c:282: Connection refused
[[1;33merror[0m] socket: unable to connect sock.c:282: Connection refused
[[1;33merror[0m] socket: unable to connect sock.c:282: Connection refused
[[1;33merror[0m] socket: unable to connect sock.c:282: Connection refused
[[1;33merror[0m] socket: unable to connect sock.c:282: Connection refused
[[1;33merror[0m] socket: unable to connect sock.c:282: Connection refused
[[1;33merror[0m] socket: unable to connect sock.c:282: Connection refused
[[1;33merror[0m] socket: unable to connect sock.c:282: Connection refused
[[1;33merror[0m] socket: unable to connect sock.c:282: Connection refused
[[1;33merror[0m] socket: unable to connect sock.c:282: Connection refused
[[1;33merror[0m] socket: unable to connect sock.c:282: Connection refused
[[1;33merror[0m] socket: unable to connect sock.c:282: Connection refused
[[1;33merror[0m] socket: unable to connect sock.c:282: Connection refused
[[1;33merror[0m] socket: unable to connect sock.c:282: Connection refused
[[1;33merror[0m] socket: unable to connect sock.c:282: Connection refused
[[1;33merror[0m] socket: unable to connect sock.c:282: Connection refused
[[1;33merror[0m] socket: unable to connect sock.c:282: Connection refused
[[1;33merror[0m] socket: unable to connect sock.c:282: Connection refused
[[1;33merror[0m] socket: unable to connect sock.c:282: Connection refused
[[1;33merror[0m] socket: unable to connect sock.c:282: Connection refused
[[1;33merror[0m] socket: unable to connect sock.c:282: Connection refused
[[1;33merror[0m] socket: unable to connect sock.c:282: Connection refused
[[1;33merror[0m] socket: unable to connect sock.c:282: Connection refused
[[1;33merror[0m] socket: unable to connect sock.c:282: Connection refused
[[1;33merror[0m] socket: unable to connect sock.c:282: Connection refused
[[1;33merror[0m] socket: unable to connect sock.c:282: Connection refused
[[1;33merror[0m] socket: unable to connect sock.c:282: Connection refused
[[1;33merror[0m] socket: unable to connect sock.c:282: Connection refused
[[1;33merror[0m] socket: unable to connect sock.c:282: Connection refused
[[1;33merror[0m] socket: unable to connect sock.c:282: Connection refused
[[1;33merror[0m] socket: unable to connect sock.c:282: Connection refused
[[1;33merror[0m] socket: unable to connect sock.c:282: Connection refused
[[1;33merror[0m] socket: unable to connect sock.c:282: Connection refused
[[1;33merror[0m] socket: unable to connect sock.c:282: Connection refused
[[1;33merror[0m] socket: unable to connect sock.c:282: Connection refused
[[1;33merror[0m] socket: unable to connect sock.c:282: Connection refused
[[1;33merror[0m] socket: unable to connect sock.c:282: Connection refused
[[1;33merror[0m] socket: unable to connect sock.c:282: Connection refused
[[1;33merror[0m] socket: unable to connect sock.c:282: Connection refused
[[1;33merror[0m] socket: unable to connect sock.c:282: Connection refused
[[1;33merror[0m] socket: unable to connect sock.c:282: Connection refused
[[1;33merror[0m] socket: unable to connect sock.c:282: Connection refused
[[1;33merror[0m] socket: unable to connect sock.c:282: Connection refused
[[1;33merror[0m] socket: unable to connect sock.c:282: Connection refused
[[1;33merror[0m] socket: unable to connect sock.c:282: Connection refused
[[1;33merror[0m] socket: unable to connect sock.c:282: Connection refused
[[1;33merror[0m] socket: unable to connect sock.c:282: Connection refused
[[1;33merror[0m] socket: unable to connect sock.c:282: Connection refused
[[1;33merror[0m] socket: unable to connect sock.c:282: Connection refused
[[1;33merror[0m] socket: unable to connect sock.c:282: Connection refused
[[1;33merror[0m] socket: unable to connect sock.c:282: Connection refused
[[1;33merror[0m] socket: unable to connect sock.c:282: Connection refused
[[1;33merror[0m] socket: unable to connect sock.c:282: Connection refused
[[1;33merror[0m] socket: unable to connect sock.c:282: Connection refused
[[1;33merror[0m] socket: unable to connect sock.c:282: Connection refused
[[1;33merror[0m] socket: unable to connect sock.c:282: Connection refused
[[1;33merror[0m] socket: unable to connect sock.c:282: Connection refused
[[1;33merror[0m] socket: unable to connect sock.c:282: Connection refused
[[1;33merror[0m] socket: unable to connect sock.c:282: Connection refused
[[1;33merror[0m] socket: unable to connect sock.c:282: Connection refused
[[1;33merror[0m] socket: unable to connect sock.c:282: Connection refused
[[1;33merror[0m] socket: unable to connect sock.c:282: Connection refused
[[1;33merror[0m] socket: unable to connect sock.c:282: Connection refused
[[1;33merror[0m] socket: unable to connect sock.c:282: Connection refused
[[1;33merror[0m] socket: unable to connect sock.c:282: Connection refused
[[1;33merror[0m] socket: unable to connect sock.c:282: Connection refused
[[1;33merror[0m] socket: unable to connect sock.c:282: Connection refused
[[1;33merror[0m] socket: unable to connect sock.c:282: Connection refused
[[1;33merror[0m] socket: unable to connect sock.c:282: Connection refused
[[1;33merror[0m] socket: unable to connect sock.c:282: Connection refused
[[1;33merror[0m] socket: unable to connect sock.c:282: Connection refused
[[1;33merror[0m] socket: unable to connect sock.c:282: Connection refused
[[1;33merror[0m] socket: unable to connect sock.c:282: Connection refused
[[1;33merror[0m] socket: unable to connect sock.c:282: Connection refused
[[1;33merror[0m] socket: unable to connect sock.c:282: Connection refused
[[1;33merror[0m] socket: unable to connect sock.c:282: Connection refused
[[1;33merror[0m] socket: unable to connect sock.c:282: Connection refused
[[1;33merror[0m] socket: unable to connect sock.c:282: Connection refused
[[1;33merror[0m] socket: unable to connect sock.c:282: Connection refused
[[1;33merror[0m] socket: unable to connect sock.c:282: Connection refused
[[1;33merror[0m] socket: unable to connect sock.c:282: Connection refused
[[1;33merror[0m] socket: unable to connect sock.c:282: Connection refused
[[1;33merror[0m] socket: unable to connect sock.c:282: Connection refused
[[1;33merror[0m] socket: unable to connect sock.c:282: Connection refused
[[1;33merror[0m] socket: unable to connect sock.c:282: Connection refused
[[1;33merror[0m] socket: unable to connect sock.c:282: Connection refused
[[1;33merror[0m] socket: unable to connect sock.c:282: Connection refused
[[1;33merror[0m] socket: unable to connect sock.c:282: Connection refused
[[1;33merror[0m] socket: unable to connect sock.c:282: Connection refused
siege aborted due to excessive socket failure; you
can change the failure threshold in $HOME/.siegerc

Transactions:		        0    hits
Availability:		        0.00 %
Elapsed time:		        0.13 secs
Data transferred:	        0.00 MB
Response time:		        0.00 ms
Transaction rate:	        0.00 trans/sec
Throughput:		        0.00 MB/sec
Concurrency:		        0.00
Successful transactions:        0
Failed transactions:	     1048
Longest transaction:	        0.00 ms
Shortest transaction:	        0.00 ms
 
